0 info it worked if it ends with ok
1 verbose cli [ 'c:\\Program Files (x86)\\nodejs\\node.exe',
1 verbose cli   'c:\\Program Files (x86)\\nodejs\\node_modules\\npm\\bin\\npm-cli.js',
1 verbose cli   'run',
1 verbose cli   'test:live' ]
2 info using npm@2.14.12
3 info using node@v4.2.4
4 verbose run-script [ 'pretest:live', 'test:live', 'posttest:live' ]
5 info pretest:live angular-one-app@1.0.0
6 info test:live angular-one-app@1.0.0
7 verbose unsafe-perm in lifecycle true
8 info angular-one-app@1.0.0 Failed to exec test:live script
9 verbose stack Error: angular-one-app@1.0.0 test:live: `karma start --auto-watch --no-single-run`
9 verbose stack Exit status 1
9 verbose stack     at EventEmitter.<anonymous> (c:\Program Files (x86)\nodejs\node_modules\npm\lib\utils\lifecycle.js:214:16)
9 verbose stack     at emitTwo (events.js:87:13)
9 verbose stack     at EventEmitter.emit (events.js:172:7)
9 verbose stack     at ChildProcess.<anonymous> (c:\Program Files (x86)\nodejs\node_modules\npm\lib\utils\spawn.js:24:14)
9 verbose stack     at emitTwo (events.js:87:13)
9 verbose stack     at ChildProcess.emit (events.js:172:7)
9 verbose stack     at maybeClose (internal/child_process.js:818:16)
9 verbose stack     at Process.ChildProcess._handle.onexit (internal/child_process.js:211:5)
10 verbose pkgid angular-one-app@1.0.0
11 verbose cwd d:\src\dkj\angular1-workshop\workshop\00-basic-angular-one-app
12 error Windows_NT 6.1.7601
13 error argv "c:\\Program Files (x86)\\nodejs\\node.exe" "c:\\Program Files (x86)\\nodejs\\node_modules\\npm\\bin\\npm-cli.js" "run" "test:live"
14 error node v4.2.4
15 error npm  v2.14.12
16 error code ELIFECYCLE
17 error angular-one-app@1.0.0 test:live: `karma start --auto-watch --no-single-run`
17 error Exit status 1
18 error Failed at the angular-one-app@1.0.0 test:live script 'karma start --auto-watch --no-single-run'.
18 error This is most likely a problem with the angular-one-app package,
18 error not with npm itself.
18 error Tell the author that this fails on your system:
18 error     karma start --auto-watch --no-single-run
18 error You can get their info via:
18 error     npm owner ls angular-one-app
18 error There is likely additional logging output above.
19 verbose exit [ 1, true ]
